Android/app/build/intermediates/manifest_merge_blame_file/debug/manifest-merger-blame-debug-report.txt
1<?xml version="1.0" encoding="utf-8"?>
2<manifest xmlns:android="http://schemas.android.com/apk/res/android"
3    package="com.example.yedas"
4    android:versionCode="1"
5    android:versionName="1.0" >
6
7    <uses-sdk
8        android:minSdkVersion="22"
8-->src\main\AndroidManifest.xml
9        android:targetSdkVersion="28" />
9-->src\main\AndroidManifest.xml
10
11    <uses-permission android:name="android.permission.READ_EXTERNAL_STORAGE" />
11-->src\main\AndroidManifest.xml:47:5-80
11-->src\main\AndroidManifest.xml:47:22-77
12    <uses-permission android:name="android.permission.WRITE_EXTERNAL_STORAGE" />
12-->src\main\AndroidManifest.xml:48:5-81
12-->src\main\AndroidManifest.xml:48:22-78
13    <uses-permission android:name="android.permission.INTERNET" />
13-->src\main\AndroidManifest.xml:49:5-66
13-->src\main\AndroidManifest.xml:49:22-64
14    <uses-permission android:name="android.permission.ACCESS_NETWORK_STATE" />
14-->[com.firebaseui:firebase-ui-auth:4.3.1] AndroidManifest.xml:12:5-79
14-->[com.firebaseui:firebase-ui-auth:4.3.1] AndroidManifest.xml:12:22-76
15    <uses-permission android:name="android.permission.WAKE_LOCK" /> <!-- Required by older versions of Google Play services to create IID tokens -->
15-->[com.google.android.gms:play-services-measurement-api:17.2.0] AndroidManifest.xml:24:5-68
15-->[com.google.android.gms:play-services-measurement-api:17.2.0] AndroidManifest.xml:24:22-65
16    <uses-permission android:name="com.google.android.c2dm.permission.RECEIVE" />
16-->[com.google.firebase:firebase-iid:20.0.0] AndroidManifest.xml:26:5-82
16-->[com.google.firebase:firebase-iid:20.0.0] AndroidManifest.xml:26:22-79
17    <uses-permission android:name="com.google.android.finsky.permission.BIND_GET_INSTALL_REFERRER_SERVICE" />
17-->[com.google.android.gms:play-services-measurement:17.2.0] AndroidManifest.xml:26:5-110
17-->[com.google.android.gms:play-services-measurement:17.2.0] AndroidManifest.xml:26:22-107
18
19    <application
19-->src\main\AndroidManifest.xml:5:5-46:19
20        android:allowBackup="true"
20-->src\main\AndroidManifest.xml:6:9-35
21        android:appComponentFactory="androidx.core.app.CoreComponentFactory"
21-->[androidx.core:core:1.0.1] AndroidManifest.xml:22:18-86
22        android:debuggable="true"
23        android:icon="@mipmap/ic_launcher"
23-->src\main\AndroidManifest.xml:7:9-43
24        android:label="@string/app_name"
24-->src\main\AndroidManifest.xml:8:9-41
25        android:roundIcon="@mipmap/ic_launcher_round"
25-->src\main\AndroidManifest.xml:9:9-54
26        android:supportsRtl="true"
26-->src\main\AndroidManifest.xml:10:9-35
27        android:testOnly="true"
28        android:theme="@style/AppTheme" >
28-->src\main\AndroidManifest.xml:11:9-40
29        <activity android:name="com.example.yedas.LoadingScreenActivity" >
29-->src\main\AndroidManifest.xml:13:9-18:40
29-->src\main\AndroidManifest.xml:14:13-49
30            <intent-filter>
30-->src\main\AndroidManifest.xml:15:13-18:29
31                <action android:name="android.intent.action.MAIN" />
31-->src\main\AndroidManifest.xml:16:17-69
31-->src\main\AndroidManifest.xml:16:25-66
32
33                <category android:name="android.intent.category.LAUNCHER" />
33-->src\main\AndroidManifest.xml:17:17-77
33-->src\main\AndroidManifest.xml:17:27-74
34            </intent-filter>
35        </activity>
36        <activity
36-->src\main\AndroidManifest.xml:19:9-23:20
37            android:name="com.example.yedas.MainActivity"
37-->src\main\AndroidManifest.xml:20:13-41
38            android:label="@string/app_name"
38-->src\main\AndroidManifest.xml:21:13-45
39            android:theme="@style/AppTheme.NoActionBar" >
39-->src\main\AndroidManifest.xml:22:13-56
40        </activity>
41        <activity
41-->src\main\AndroidManifest.xml:24:9-26:57
42            android:name="com.example.yedas.LoginActivity"
42-->src\main\AndroidManifest.xml:25:13-42
43            android:label="@string/app_name" />
43-->src\main\AndroidManifest.xml:26:13-45
44        <activity
44-->src\main\AndroidManifest.xml:27:9-29:57
45            android:name="com.example.yedas.MainViewActivity"
45-->src\main\AndroidManifest.xml:28:13-45
46            android:label="@string/app_name" />
46-->src\main\AndroidManifest.xml:29:13-45
47        <activity
47-->src\main\AndroidManifest.xml:30:9-32:57
48            android:name="com.example.yedas.NewPassActivity"
48-->src\main\AndroidManifest.xml:31:13-44
49            android:label="@string/app_name" />
49-->src\main\AndroidManifest.xml:32:13-45
50        <activity
50-->src\main\AndroidManifest.xml:33:9-35:57
51            android:name="com.example.yedas.DrawSignActivity"
51-->src\main\AndroidManifest.xml:34:13-45
52            android:label="@string/app_name" />
52-->src\main\AndroidManifest.xml:35:13-45
53        <activity
53-->src\main\AndroidManifest.xml:36:9-38:57
54            android:name="com.example.yedas.UserInfoChangeActivity"
54-->src\main\AndroidManifest.xml:37:13-51
55            android:label="@string/app_name" />
55-->src\main\AndroidManifest.xml:38:13-45
56        <activity
56-->src\main\AndroidManifest.xml:39:9-45:20
57            android:name="com.example.yedas.DocumentViewActivity"
57-->src\main\AndroidManifest.xml:40:13-49
58            android:label="@string/app_name" >
58-->src\main\AndroidManifest.xml:41:13-45
59            <meta-data
59-->src\main\AndroidManifest.xml:42:13-44:53
60                android:name="android.support.PARENT_ACTIVITY"
60-->src\main\AndroidManifest.xml:43:17-63
61                android:value=".MainViewActivity" />
61-->src\main\AndroidManifest.xml:44:17-50
62        </activity>
63
64        <meta-data
64-->[com.firebaseui:firebase-ui-auth:4.3.1] AndroidManifest.xml:16:9-18:69
65            android:name="com.google.android.gms.version"
65-->[com.firebaseui:firebase-ui-auth:4.3.1] AndroidManifest.xml:17:13-58
66            android:value="@integer/google_play_services_version" />
66-->[com.firebaseui:firebase-ui-auth:4.3.1] AndroidManifest.xml:18:13-66
67        <meta-data
67-->[com.firebaseui:firebase-ui-auth:4.3.1] AndroidManifest.xml:19:9-21:63
68            android:name="com.facebook.sdk.ApplicationId"
68-->[com.firebaseui:firebase-ui-auth:4.3.1] AndroidManifest.xml:20:13-58
69            android:value="@string/facebook_application_id" />
69-->[com.firebaseui:firebase-ui-auth:4.3.1] AndroidManifest.xml:21:13-60
70
71        <activity
71-->[com.firebaseui:firebase-ui-auth:4.3.1] AndroidManifest.xml:23:9-27:61
72            android:name="com.firebase.ui.auth.KickoffActivity"
72-->[com.firebaseui:firebase-ui-auth:4.3.1] AndroidManifest.xml:24:13-64
73            android:exported="false"
73-->[com.firebaseui:firebase-ui-auth:4.3.1] AndroidManifest.xml:25:13-37
74            android:label=""
74-->[com.firebaseui:firebase-ui-auth:4.3.1] AndroidManifest.xml:26:13-29
75            android:theme="@style/FirebaseUI.Transparent" />
75-->[com.firebaseui:firebase-ui-auth:4.3.1] AndroidManifest.xml:27:13-58
76        <activity
76-->[com.firebaseui:firebase-ui-auth:4.3.1] AndroidManifest.xml:28:9-32:61
77            android:name="com.firebase.ui.auth.ui.idp.SingleSignInActivity"
77-->[com.firebaseui:firebase-ui-auth:4.3.1] AndroidManifest.xml:29:13-76
78            android:exported="false"
78-->[com.firebaseui:firebase-ui-auth:4.3.1] AndroidManifest.xml:30:13-37
79            android:label=""
79-->[com.firebaseui:firebase-ui-auth:4.3.1] AndroidManifest.xml:31:13-29
80            android:theme="@style/FirebaseUI.Transparent" />
80-->[com.firebaseui:firebase-ui-auth:4.3.1] AndroidManifest.xml:32:13-58
81        <activity
81-->[com.firebaseui:firebase-ui-auth:4.3.1] AndroidManifest.xml:33:9-37:61
82            android:name="com.firebase.ui.auth.ui.credentials.CredentialSaveActivity"
82-->[com.firebaseui:firebase-ui-auth:4.3.1] AndroidManifest.xml:34:13-86
83            android:exported="false"
83-->[com.firebaseui:firebase-ui-auth:4.3.1] AndroidManifest.xml:35:13-37
84            android:label=""
84-->[com.firebaseui:firebase-ui-auth:4.3.1] AndroidManifest.xml:36:13-29
85            android:theme="@style/FirebaseUI.Transparent" />
85-->[com.firebaseui:firebase-ui-auth:4.3.1] AndroidManifest.xml:37:13-58
86        <activity
86-->[com.firebaseui:firebase-ui-auth:4.3.1] AndroidManifest.xml:38:9-42:58
87            android:name="com.firebase.ui.auth.ui.email.RecoverPasswordActivity"
87-->[com.firebaseui:firebase-ui-auth:4.3.1] AndroidManifest.xml:39:13-81
88            android:exported="false"
88-->[com.firebaseui:firebase-ui-auth:4.3.1] AndroidManifest.xml:40:13-37
89            android:label="@string/fui_title_recover_password_activity"
89-->[com.firebaseui:firebase-ui-auth:4.3.1] AndroidManifest.xml:41:13-72
90            android:windowSoftInputMode="adjustResize" />
90-->[com.firebaseui:firebase-ui-auth:4.3.1] AndroidManifest.xml:42:13-55
91        <activity
91-->[com.firebaseui:firebase-ui-auth:4.3.1] AndroidManifest.xml:43:9-47:58
92            android:name="com.firebase.ui.auth.ui.email.EmailActivity"
92-->[com.firebaseui:firebase-ui-auth:4.3.1] AndroidManifest.xml:44:13-71
93            android:exported="false"
93-->[com.firebaseui:firebase-ui-auth:4.3.1] AndroidManifest.xml:45:13-37
94            android:label="@string/fui_sign_in_default"
94-->[com.firebaseui:firebase-ui-auth:4.3.1] AndroidManifest.xml:46:13-56
95            android:windowSoftInputMode="adjustResize" />
95-->[com.firebaseui:firebase-ui-auth:4.3.1] AndroidManifest.xml:47:13-55
96        <activity
96-->[com.firebaseui:firebase-ui-auth:4.3.1] AndroidManifest.xml:48:9-52:77
97            android:name="com.firebase.ui.auth.ui.phone.PhoneActivity"
97-->[com.firebaseui:firebase-ui-auth:4.3.1] AndroidManifest.xml:49:13-71
98            android:exported="false"
98-->[com.firebaseui:firebase-ui-auth:4.3.1] AndroidManifest.xml:50:13-37
99            android:label="@string/fui_sign_in_with_phone_number"
99-->[com.firebaseui:firebase-ui-auth:4.3.1] AndroidManifest.xml:51:13-66
100            android:windowSoftInputMode="adjustResize|stateAlwaysVisible" />
100-->[com.firebaseui:firebase-ui-auth:4.3.1] AndroidManifest.xml:52:13-74
101        <activity
101-->[com.firebaseui:firebase-ui-auth:4.3.1] AndroidManifest.xml:53:9-57:58
102            android:name="com.firebase.ui.auth.ui.idp.WelcomeBackIdpPrompt"
102-->[com.firebaseui:firebase-ui-auth:4.3.1] AndroidManifest.xml:54:13-76
103            android:exported="false"
103-->[com.firebaseui:firebase-ui-auth:4.3.1] AndroidManifest.xml:55:13-37
104            android:label="@string/fui_title_welcome_back_idp_prompt"
104-->[com.firebaseui:firebase-ui-auth:4.3.1] AndroidManifest.xml:56:13-70
105            android:windowSoftInputMode="adjustResize" />
105-->[com.firebaseui:firebase-ui-auth:4.3.1] AndroidManifest.xml:57:13-55
106        <activity
106-->[com.firebaseui:firebase-ui-auth:4.3.1] AndroidManifest.xml:58:9-62:58
107            android:name="com.firebase.ui.auth.ui.email.WelcomeBackPasswordPrompt"
107-->[com.firebaseui:firebase-ui-auth:4.3.1] AndroidManifest.xml:59:13-83
108            android:exported="false"
108-->[com.firebaseui:firebase-ui-auth:4.3.1] AndroidManifest.xml:60:13-37
109            android:label="@string/fui_title_welcome_back_password_prompt"
109-->[com.firebaseui:firebase-ui-auth:4.3.1] AndroidManifest.xml:61:13-75
110            android:windowSoftInputMode="adjustResize" />
110-->[com.firebaseui:firebase-ui-auth:4.3.1] AndroidManifest.xml:62:13-55
111        <activity
111-->[com.firebaseui:firebase-ui-auth:4.3.1] AndroidManifest.xml:63:9-67:58
112            android:name="com.firebase.ui.auth.ui.email.WelcomeBackEmailLinkPrompt"
112-->[com.firebaseui:firebase-ui-auth:4.3.1] AndroidManifest.xml:64:13-84
113            android:exported="false"
113-->[com.firebaseui:firebase-ui-auth:4.3.1] AndroidManifest.xml:65:13-37
114            android:label="@string/fui_title_welcome_back_password_prompt"
114-->[com.firebaseui:firebase-ui-auth:4.3.1] AndroidManifest.xml:66:13-75
115            android:windowSoftInputMode="adjustResize" />
115-->[com.firebaseui:firebase-ui-auth:4.3.1] AndroidManifest.xml:67:13-55
116        <activity
116-->[com.firebaseui:firebase-ui-auth:4.3.1] AndroidManifest.xml:68:9-73:58
117            android:name="com.firebase.ui.auth.ui.email.EmailLinkCatcherActivity"
117-->[com.firebaseui:firebase-ui-auth:4.3.1] AndroidManifest.xml:69:13-82
118            android:exported="false"
118-->[com.firebaseui:firebase-ui-auth:4.3.1] AndroidManifest.xml:70:13-37
119            android:label=""
119-->[com.firebaseui:firebase-ui-auth:4.3.1] AndroidManifest.xml:71:13-29
120            android:theme="@style/FirebaseUI.Transparent"
120-->[com.firebaseui:firebase-ui-auth:4.3.1] AndroidManifest.xml:72:13-58
121            android:windowSoftInputMode="adjustResize" />
121-->[com.firebaseui:firebase-ui-auth:4.3.1] AndroidManifest.xml:73:13-55
122        <activity
122-->[com.firebaseui:firebase-ui-auth:4.3.1] AndroidManifest.xml:74:9-78:58
123            android:name="com.firebase.ui.auth.ui.email.EmailLinkErrorRecoveryActivity"
123-->[com.firebaseui:firebase-ui-auth:4.3.1] AndroidManifest.xml:75:13-88
124            android:exported="false"
124-->[com.firebaseui:firebase-ui-auth:4.3.1] AndroidManifest.xml:76:13-37
125            android:label="@string/fui_sign_in_default"
125-->[com.firebaseui:firebase-ui-auth:4.3.1] AndroidManifest.xml:77:13-56
126            android:windowSoftInputMode="adjustResize" />
126-->[com.firebaseui:firebase-ui-auth:4.3.1] AndroidManifest.xml:78:13-55
127        <activity
127-->[com.firebaseui:firebase-ui-auth:4.3.1] AndroidManifest.xml:79:9-82:65
128            android:name="com.firebase.ui.auth.ui.idp.AuthMethodPickerActivity"
128-->[com.firebaseui:firebase-ui-auth:4.3.1] AndroidManifest.xml:80:13-80
129            android:exported="false"
129-->[com.firebaseui:firebase-ui-auth:4.3.1] AndroidManifest.xml:81:13-37
130            android:label="@string/fui_default_toolbar_title" />
130-->[com.firebaseui:firebase-ui-auth:4.3.1] AndroidManifest.xml:82:13-62
131        <activity
131-->[com.firebaseui:firebase-ui-auth:4.3.1] AndroidManifest.xml:83:9-87:48
132            android:name="com.facebook.FacebookActivity"
132-->[com.firebaseui:firebase-ui-auth:4.3.1] AndroidManifest.xml:84:13-57
133            android:configChanges="keyboard|keyboardHidden|screenLayout|screenSize|orientation"
133-->[com.firebaseui:firebase-ui-auth:4.3.1] AndroidManifest.xml:85:13-96
134            android:label="@string/app_name" />
134-->[com.firebaseui:firebase-ui-auth:4.3.1] AndroidManifest.xml:86:13-45
135        <activity
135-->[com.firebaseui:firebase-ui-auth:4.3.1] AndroidManifest.xml:88:9-100:20
136            android:name="com.facebook.CustomTabActivity"
136-->[com.firebaseui:firebase-ui-auth:4.3.1] AndroidManifest.xml:89:13-58
137            android:exported="true" >
137-->[com.firebaseui:firebase-ui-auth:4.3.1] AndroidManifest.xml:90:13-36
138            <intent-filter>
138-->[com.firebaseui:firebase-ui-auth:4.3.1] AndroidManifest.xml:92:13-99:29
139                <action android:name="android.intent.action.VIEW" />
139-->[com.firebaseui:firebase-ui-auth:4.3.1] AndroidManifest.xml:93:17-69
139-->[com.firebaseui:firebase-ui-auth:4.3.1] AndroidManifest.xml:93:25-66
140
141                <category android:name="android.intent.category.DEFAULT" />
141-->[com.firebaseui:firebase-ui-auth:4.3.1] AndroidManifest.xml:95:17-76
141-->[com.firebaseui:firebase-ui-auth:4.3.1] AndroidManifest.xml:95:27-73
142                <category android:name="android.intent.category.BROWSABLE" />
142-->[com.firebaseui:firebase-ui-auth:4.3.1] AndroidManifest.xml:96:17-78
142-->[com.firebaseui:firebase-ui-auth:4.3.1] AndroidManifest.xml:96:27-75
143
144                <data android:scheme="@string/facebook_login_protocol_scheme" />
144-->[com.firebaseui:firebase-ui-auth:4.3.1] AndroidManifest.xml:98:17-81
144-->[com.firebaseui:firebase-ui-auth:4.3.1] AndroidManifest.xml:98:23-78
145            </intent-filter>
146        </activity>
147
148        <provider
148-->[com.firebaseui:firebase-ui-auth:4.3.1] AndroidManifest.xml:102:9-106:38
149            android:name="com.firebase.ui.auth.data.client.AuthUiInitProvider"
149-->[com.firebaseui:firebase-ui-auth:4.3.1] AndroidManifest.xml:103:13-79
150            android:authorities="com.example.yedas.authuiinitprovider"
150-->[com.firebaseui:firebase-ui-auth:4.3.1] AndroidManifest.xml:104:13-70
151            android:exported="false"
151-->[com.firebaseui:firebase-ui-auth:4.3.1] AndroidManifest.xml:105:13-37
152            android:initOrder="90" />
152-->[com.firebaseui:firebase-ui-auth:4.3.1] AndroidManifest.xml:106:13-35
153
154        <service
154-->[com.google.firebase:firebase-database:18.0.1] AndroidManifest.xml:29:9-35:19
155            android:name="com.google.firebase.components.ComponentDiscoveryService"
155-->[com.google.firebase:firebase-database:18.0.1] AndroidManifest.xml:30:13-84
156            android:exported="false" >
156-->[com.google.firebase:firebase-database:18.0.1] AndroidManifest.xml:31:13-37
157            <meta-data
157-->[com.google.firebase:firebase-database:18.0.1] AndroidManifest.xml:32:13-34:85
158                android:name="com.google.firebase.components:com.google.firebase.database.DatabaseRegistrar"
158-->[com.google.firebase:firebase-database:18.0.1] AndroidManifest.xml:33:17-109
159                android:value="com.google.firebase.components.ComponentRegistrar" />
159-->[com.google.firebase:firebase-database:18.0.1] AndroidManifest.xml:34:17-82
160            <meta-data
160-->[com.google.firebase:firebase-auth:19.0.0] AndroidManifest.xml:36:13-38:85
161                android:name="com.google.firebase.components:com.google.firebase.auth.FirebaseAuthRegistrar"
161-->[com.google.firebase:firebase-auth:19.0.0] AndroidManifest.xml:37:17-109
162                android:value="com.google.firebase.components.ComponentRegistrar" />
162-->[com.google.firebase:firebase-auth:19.0.0] AndroidManifest.xml:38:17-82
163            <meta-data
163-->[com.google.android.gms:play-services-measurement-api:17.2.0] AndroidManifest.xml:30:13-32:85
164                android:name="com.google.firebase.components:com.google.firebase.analytics.connector.internal.AnalyticsConnectorRegistrar"
164-->[com.google.android.gms:play-services-measurement-api:17.2.0] AndroidManifest.xml:31:17-139
165                android:value="com.google.firebase.components.ComponentRegistrar" />
165-->[com.google.android.gms:play-services-measurement-api:17.2.0] AndroidManifest.xml:32:17-82
166            <meta-data
166-->[com.google.firebase:firebase-iid:20.0.0] AndroidManifest.xml:32:13-34:85
167                android:name="com.google.firebase.components:com.google.firebase.iid.Registrar"
167-->[com.google.firebase:firebase-iid:20.0.0] AndroidManifest.xml:33:17-96
168                android:value="com.google.firebase.components.ComponentRegistrar" />
168-->[com.google.firebase:firebase-iid:20.0.0] AndroidManifest.xml:34:17-82
169        </service>
170        <!--
171             FirebaseMessagingService performs security checks at runtime,
172             but set to not exported to explicitly avoid allowing another app to call it.
173        -->
174        <service
174-->[com.google.firebase:firebase-messaging:20.0.0] AndroidManifest.xml:28:9-34:19
175            android:name="com.google.firebase.messaging.FirebaseMessagingService"
175-->[com.google.firebase:firebase-messaging:20.0.0] AndroidManifest.xml:29:13-82
176            android:exported="false" >
176-->[com.google.firebase:firebase-messaging:20.0.0] AndroidManifest.xml:30:13-37
177            <intent-filter android:priority="-500" >
177-->[com.google.firebase:firebase-messaging:20.0.0] AndroidManifest.xml:31:13-33:29
177-->[com.google.firebase:firebase-messaging:20.0.0] AndroidManifest.xml:31:28-51
178                <action android:name="com.google.firebase.MESSAGING_EVENT" />
178-->[com.google.firebase:firebase-messaging:20.0.0] AndroidManifest.xml:32:17-78
178-->[com.google.firebase:firebase-messaging:20.0.0] AndroidManifest.xml:32:25-75
179            </intent-filter>
180        </service>
181
182        <activity
182-->[com.google.firebase:firebase-auth:19.0.0] AndroidManifest.xml:24:9-31:50
183            android:name="com.google.firebase.auth.internal.FederatedSignInActivity"
183-->[com.google.firebase:firebase-auth:19.0.0] AndroidManifest.xml:25:13-85
184            android:excludeFromRecents="true"
184-->[com.google.firebase:firebase-auth:19.0.0] AndroidManifest.xml:26:13-46
185            android:exported="true"
185-->[com.google.firebase:firebase-auth:19.0.0] AndroidManifest.xml:27:13-36
186            android:launchMode="singleTask"
186-->[com.google.firebase:firebase-auth:19.0.0] AndroidManifest.xml:28:13-44
187            android:permission="com.google.firebase.auth.api.gms.permission.LAUNCH_FEDERATED_SIGN_IN"
187-->[com.google.firebase:firebase-auth:19.0.0] AndroidManifest.xml:29:13-102
188            android:theme="@android:style/Theme.Translucent.NoTitleBar" />
188-->[com.google.firebase:firebase-auth:19.0.0] AndroidManifest.xml:30:13-72
189        <activity
189-->[com.google.android.gms:play-services-auth:17.0.0] AndroidManifest.xml:23:9-27:75
190            android:name="com.google.android.gms.auth.api.signin.internal.SignInHubActivity"
190-->[com.google.android.gms:play-services-auth:17.0.0] AndroidManifest.xml:24:13-93
191            android:excludeFromRecents="true"
191-->[com.google.android.gms:play-services-auth:17.0.0] AndroidManifest.xml:25:13-46
192            android:exported="false"
192-->[com.google.android.gms:play-services-auth:17.0.0] AndroidManifest.xml:26:13-37
193            android:theme="@android:style/Theme.Translucent.NoTitleBar" />
193-->[com.google.android.gms:play-services-auth:17.0.0] AndroidManifest.xml:27:13-72
194        <!--
195            Service handling Google Sign-In user revocation. For apps that do not integrate with
196            Google Sign-In, this service will never be started.
197        -->
198        <service
198-->[com.google.android.gms:play-services-auth:17.0.0] AndroidManifest.xml:33:9-36:110
199            android:name="com.google.android.gms.auth.api.signin.RevocationBoundService"
199-->[com.google.android.gms:play-services-auth:17.0.0] AndroidManifest.xml:34:13-89
200            android:exported="true"
200-->[com.google.android.gms:play-services-auth:17.0.0] AndroidManifest.xml:35:13-36
201            android:permission="com.google.android.gms.auth.api.signin.permission.REVOCATION_NOTIFICATION" />
201-->[com.google.android.gms:play-services-auth:17.0.0] AndroidManifest.xml:36:13-107
202
203        <receiver
203-->[com.google.firebase:firebase-iid:20.0.0] AndroidManifest.xml:37:9-44:20
204            android:name="com.google.firebase.iid.FirebaseInstanceIdReceiver"
204-->[com.google.firebase:firebase-iid:20.0.0] AndroidManifest.xml:38:13-78
205            android:exported="true"
205-->[com.google.firebase:firebase-iid:20.0.0] AndroidManifest.xml:39:13-36
206            android:permission="com.google.android.c2dm.permission.SEND" >
206-->[com.google.firebase:firebase-iid:20.0.0] AndroidManifest.xml:40:13-73
207            <intent-filter>
207-->[com.google.firebase:firebase-iid:20.0.0] AndroidManifest.xml:41:13-43:29
208                <action android:name="com.google.android.c2dm.intent.RECEIVE" />
208-->[com.google.firebase:firebase-iid:20.0.0] AndroidManifest.xml:42:17-81
208-->[com.google.firebase:firebase-iid:20.0.0] AndroidManifest.xml:42:25-78
209            </intent-filter>
210        </receiver>
211
212        <provider
212-->[com.google.firebase:firebase-common:19.0.0] AndroidManifest.xml:12:9-16:39
213            android:name="com.google.firebase.provider.FirebaseInitProvider"
213-->[com.google.firebase:firebase-common:19.0.0] AndroidManifest.xml:13:13-77
214            android:authorities="com.example.yedas.firebaseinitprovider"
214-->[com.google.firebase:firebase-common:19.0.0] AndroidManifest.xml:14:13-72
215            android:exported="false"
215-->[com.google.firebase:firebase-common:19.0.0] AndroidManifest.xml:15:13-37
216            android:initOrder="100" />
216-->[com.google.firebase:firebase-common:19.0.0] AndroidManifest.xml:16:13-36
217
218        <activity
218-->[com.google.android.gms:play-services-base:17.1.0] AndroidManifest.xml:23:9-26:75
219            android:name="com.google.android.gms.common.api.GoogleApiActivity"
219-->[com.google.android.gms:play-services-base:17.1.0] AndroidManifest.xml:24:13-79
220            android:exported="false"
220-->[com.google.android.gms:play-services-base:17.1.0] AndroidManifest.xml:25:13-37
221            android:theme="@android:style/Theme.Translucent.NoTitleBar" />
221-->[com.google.android.gms:play-services-base:17.1.0] AndroidManifest.xml:26:13-72
222
223        <receiver
223-->[com.google.android.gms:play-services-measurement:17.2.0] AndroidManifest.xml:29:9-33:20
224            android:name="com.google.android.gms.measurement.AppMeasurementReceiver"
224-->[com.google.android.gms:play-services-measurement:17.2.0] AndroidManifest.xml:30:13-85
225            android:enabled="true"
225-->[com.google.android.gms:play-services-measurement:17.2.0] AndroidManifest.xml:31:13-35
226            android:exported="false" >
226-->[com.google.android.gms:play-services-measurement:17.2.0] AndroidManifest.xml:32:13-37
227        </receiver>
228        <receiver
228-->[com.google.android.gms:play-services-measurement:17.2.0] AndroidManifest.xml:34:9-42:20
229            android:name="com.google.android.gms.measurement.AppMeasurementInstallReferrerReceiver"
229-->[com.google.android.gms:play-services-measurement:17.2.0] AndroidManifest.xml:35:13-100
230            android:enabled="true"
230-->[com.google.android.gms:play-services-measurement:17.2.0] AndroidManifest.xml:36:13-35
231            android:exported="true"
231-->[com.google.android.gms:play-services-measurement:17.2.0] AndroidManifest.xml:37:13-36
232            android:permission="android.permission.INSTALL_PACKAGES" >
232-->[com.google.android.gms:play-services-measurement:17.2.0] AndroidManifest.xml:38:13-69
233            <intent-filter>
233-->[com.google.android.gms:play-services-measurement:17.2.0] AndroidManifest.xml:39:13-41:29
234                <action android:name="com.android.vending.INSTALL_REFERRER" />
234-->[com.google.android.gms:play-services-measurement:17.2.0] AndroidManifest.xml:40:17-79
234-->[com.google.android.gms:play-services-measurement:17.2.0] AndroidManifest.xml:40:25-76
235            </intent-filter>
236        </receiver>
237
238        <service
238-->[com.google.android.gms:play-services-measurement:17.2.0] AndroidManifest.xml:44:9-47:40
239            android:name="com.google.android.gms.measurement.AppMeasurementService"
239-->[com.google.android.gms:play-services-measurement:17.2.0] AndroidManifest.xml:45:13-84
240            android:enabled="true"
240-->[com.google.android.gms:play-services-measurement:17.2.0] AndroidManifest.xml:46:13-35
241            android:exported="false" />
241-->[com.google.android.gms:play-services-measurement:17.2.0] AndroidManifest.xml:47:13-37
242        <service
242-->[com.google.android.gms:play-services-measurement:17.2.0] AndroidManifest.xml:48:9-52:72
243            android:name="com.google.android.gms.measurement.AppMeasurementJobService"
243-->[com.google.android.gms:play-services-measurement:17.2.0] AndroidManifest.xml:49:13-87
244            android:enabled="true"
244-->[com.google.android.gms:play-services-measurement:17.2.0] AndroidManifest.xml:50:13-35
245            android:exported="false"
245-->[com.google.android.gms:play-services-measurement:17.2.0] AndroidManifest.xml:51:13-37
246            android:permission="android.permission.BIND_JOB_SERVICE" />
246-->[com.google.android.gms:play-services-measurement:17.2.0] AndroidManifest.xml:52:13-69
247
248        <provider
248-->[androidx.lifecycle:lifecycle-process:2.0.0] AndroidManifest.xml:23:9-27:43
249            android:name="androidx.lifecycle.ProcessLifecycleOwnerInitializer"
249-->[androidx.lifecycle:lifecycle-process:2.0.0] AndroidManifest.xml:24:13-79
250            android:authorities="com.example.yedas.lifecycle-process"
250-->[androidx.lifecycle:lifecycle-process:2.0.0] AndroidManifest.xml:25:13-69
251            android:exported="false"
251-->[androidx.lifecycle:lifecycle-process:2.0.0] AndroidManifest.xml:26:13-37
252            android:multiprocess="true" />
252-->[androidx.lifecycle:lifecycle-process:2.0.0] AndroidManifest.xml:27:13-40
253    </application>
254
255</manifest>